TN:
SF:packages/riipen-ui/src/components/Button.jsx
FN:8,(anonymous_0)
FN:28,(anonymous_1)
FN:32,(anonymous_2)
FNF:3
FNH:3
FNDA:28,(anonymous_0)
FNDA:2,(anonymous_1)
FNDA:1,(anonymous_2)
DA:8,1
DA:23,28
DA:25,28
DA:26,28
DA:28,28
DA:29,2
DA:32,28
DA:33,1
DA:34,1
DA:37,28
DA:51,28
DA:52,28
DA:54,28
DA:417,1
DA:495,1
DA:505,1
LF:16
LH:16
BRDA:39,0,0,1
BRDA:39,0,1,27
BRDA:40,1,0,2
BRDA:40,1,1,26
BRDA:41,2,0,1
BRDA:41,2,1,27
BRDA:44,3,0,1
BRDA:44,3,1,27
BRDA:45,4,0,24
BRDA:45,4,1,4
BRDA:46,5,0,1
BRDA:46,5,1,27
BRDA:47,6,0,1
BRDA:47,6,1,27
BRDA:51,7,0,3
BRDA:51,7,1,25
BRDA:51,8,0,28
BRDA:51,8,1,26
BRDA:52,9,0,2
BRDA:52,9,1,26
BRDA:66,10,0,28
BRDA:66,10,1,1
BRDA:72,11,0,28
BRDA:72,11,1,1
BRF:24
BRH:24
end_of_record
TN:
SF:packages/riipen-ui/src/styles/ThemeContext.js
FNF:0
FNH:0
DA:5,1
DA:7,1
DA:8,1
LF:3
LH:3
BRF:0
BRH:0
end_of_record
TN:
SF:packages/riipen-ui/src/themes/default.js
FN:110,(anonymous_0)
FN:112,(anonymous_1)
FN:115,(anonymous_2)
FNF:3
FNH:1
FNDA:928,(anonymous_0)
FNDA:0,(anonymous_1)
FNDA:0,(anonymous_2)
DA:110,928
DA:113,0
DA:116,0
LF:3
LH:1
BRDA:112,0,0,0
BRDA:112,1,0,0
BRDA:116,2,0,0
BRDA:116,2,1,0
BRDA:116,3,0,0
BRDA:116,3,1,0
BRF:6
BRH:0
end_of_record
TN:
SF:packages/riipen-ui/src/utils/container.js
FN:6,getDocument
FN:15,getContainer
FN:25,getClosestScrollableParent
FNF:3
FNH:0
FNDA:0,getDocument
FNDA:0,getContainer
FNDA:0,getClosestScrollableParent
DA:7,0
DA:16,0
DA:17,0
DA:26,0
DA:27,0
DA:29,0
DA:30,0
DA:32,0
DA:33,0
DA:35,0
LF:10
LH:0
BRDA:7,0,0,0
BRDA:7,0,1,0
BRDA:7,0,2,0
BRDA:17,1,0,0
BRDA:17,1,1,0
BRDA:26,2,0,0
BRDA:26,2,1,0
BRDA:26,3,0,0
BRDA:26,3,1,0
BRDA:30,4,0,0
BRDA:30,4,1,0
BRDA:32,5,0,0
BRDA:32,5,1,0
BRF:13
BRH:0
end_of_record
TN:
SF:packages/riipen-ui/src/utils/debounce.js
FN:9,debounce
FN:12,executedFunction
FN:15,(anonymous_2)
FNF:3
FNH:0
FNDA:0,debounce
FNDA:0,executedFunction
FNDA:0,(anonymous_2)
DA:12,0
DA:13,0
DA:15,0
DA:16,0
DA:17,0
DA:20,0
DA:22,0
DA:24,0
DA:26,0
LF:9
LH:0
BRDA:9,0,0,0
BRDA:9,1,0,0
BRDA:17,2,0,0
BRDA:17,2,1,0
BRDA:20,3,0,0
BRDA:20,3,1,0
BRDA:26,4,0,0
BRDA:26,4,1,0
BRF:8
BRH:0
end_of_record
TN:
SF:packages/riipen-ui/src/utils/index.js
FNF:0
FNH:0
LF:0
LH:0
BRF:0
BRH:0
end_of_record
TN:
SF:packages/riipen-ui/src/utils/offset.js
FN:6,getOffsetTop
FN:23,getOffsetLeft
FNF:2
FNH:0
FNDA:0,getOffsetTop
FNDA:0,getOffsetLeft
DA:7,0
DA:8,0
DA:9,0
DA:10,0
DA:11,0
DA:12,0
DA:13,0
DA:15,0
DA:24,0
DA:25,0
DA:26,0
DA:27,0
DA:28,0
DA:29,0
DA:30,0
DA:32,0
LF:16
LH:0
BRDA:8,0,0,0
BRDA:8,0,1,0
BRDA:10,1,0,0
BRDA:10,1,1,0
BRDA:12,2,0,0
BRDA:12,2,1,0
BRDA:25,3,0,0
BRDA:25,3,1,0
BRDA:27,4,0,0
BRDA:27,4,1,0
BRDA:29,5,0,0
BRDA:29,5,1,0
BRF:12
BRH:0
end_of_record
TN:
SF:packages/riipen-ui/src/utils/useIsFocusVisible.js
FN:32,focusTriggersKeyboardModality
FN:57,handleKeyDown
FN:71,handlePointerDown
FN:75,handleVisibilityChange
FN:87,prepare
FN:95,teardown
FN:103,isFocusVisible
FN:122,handleBlurVisible
FN:129,(anonymous_8)
FN:134,useIsFocusVisible
FN:135,(anonymous_10)
FNF:11
FNH:5
FNDA:0,focusTriggersKeyboardModality
FNDA:0,handleKeyDown
FNDA:0,handlePointerDown
FNDA:0,handleVisibilityChange
FNDA:25,prepare
FNDA:0,teardown
FNDA:2,isFocusVisible
FNDA:1,handleBlurVisible
FNDA:0,(anonymous_8)
FNDA:28,useIsFocusVisible
FNDA:25,(anonymous_10)
DA:5,1
DA:6,1
DA:7,1
DA:9,1
DA:33,0
DA:35,0
DA:36,0
DA:39,0
DA:40,0
DA:43,0
DA:44,0
DA:47,0
DA:58,0
DA:59,0
DA:61,0
DA:72,0
DA:76,0
DA:81,0
DA:82,0
DA:88,25
DA:89,25
DA:90,25
DA:91,25
DA:92,25
DA:96,0
DA:97,0
DA:98,0
DA:99,0
DA:100,0
DA:104,2
DA:105,2
DA:106,2
DA:116,2
DA:127,1
DA:128,1
DA:129,1
DA:130,0
DA:135,28
DA:137,25
DA:138,25
DA:139,25
DA:143,28
LF:42
LH:21
BRDA:35,0,0,0
BRDA:35,0,1,0
BRDA:35,1,0,0
BRDA:35,1,1,0
BRDA:35,1,2,0
BRDA:39,2,0,0
BRDA:39,2,1,0
BRDA:39,3,0,0
BRDA:39,3,1,0
BRDA:43,4,0,0
BRDA:43,4,1,0
BRDA:58,5,0,0
BRDA:58,5,1,0
BRDA:58,6,0,0
BRDA:58,6,1,0
BRDA:58,6,2,0
BRDA:76,7,0,0
BRDA:76,7,1,0
BRDA:81,8,0,0
BRDA:81,8,1,0
BRDA:116,9,0,2
BRDA:116,9,1,0
BRDA:138,10,0,25
BRDA:138,10,1,0
BRF:24
BRH:2
end_of_record
TN:
SF:packages/riipen-ui/src/utils/withForwardedRef.jsx
FN:3,(anonymous_0)
FN:4,(anonymous_1)
FNF:2
FNH:0
FNDA:0,(anonymous_0)
FNDA:0,(anonymous_1)
DA:3,1
DA:4,0
DA:6,0
DA:7,0
DA:9,0
LF:5
LH:1
BRDA:6,0,0,0
BRDA:6,0,1,0
BRF:2
BRH:0
end_of_record
TN:
SF:packages/riipen-ui/src/utils/withThemeContext.jsx
FN:5,(anonymous_0)
FN:5,(anonymous_1)
FN:7,(anonymous_2)
FNF:3
FNH:3
FNDA:1,(anonymous_0)
FNDA:25,(anonymous_1)
FNDA:25,(anonymous_2)
DA:5,1
DA:6,25
DA:7,25
LF:3
LH:3
BRF:0
BRH:0
end_of_record
